c:\users\hwaya\onedrive\바탕 화면\공부\winapi dx\larvagame\larvagame\x64\debug\vc143.pdb
c:\users\hwaya\onedrive\바탕 화면\공부\winapi dx\larvagame\larvagame\x64\debug\vc143.idb
c:\users\hwaya\onedrive\바탕 화면\공부\winapi dx\larvagame\larvagame\x64\debug\waterpiece.obj
c:\users\hwaya\onedrive\바탕 화면\공부\winapi dx\larvagame\larvagame\x64\debug\random.obj
c:\users\hwaya\onedrive\바탕 화면\공부\winapi dx\larvagame\larvagame\x64\debug\larva.obj
c:\users\hwaya\onedrive\바탕 화면\공부\winapi dx\larvagame\larvagame\x64\debug\gamemanager.obj
c:\users\hwaya\onedrive\바탕 화면\공부\winapi dx\larvagame\larvagame\x64\debug\wallpiece.obj
c:\users\hwaya\onedrive\바탕 화면\공부\winapi dx\larvagame\larvagame\x64\debug\planepiece.obj
c:\users\hwaya\onedrive\바탕 화면\공부\winapi dx\larvagame\larvagame\x64\debug\boardpiece.obj
c:\users\hwaya\onedrive\바탕 화면\공부\winapi dx\larvagame\larvagame\x64\debug\forestpiece.obj
c:\users\hwaya\onedrive\바탕 화면\공부\winapi dx\larvagame\larvagame\x64\debug\larvagame.obj
c:\users\hwaya\onedrive\바탕 화면\공부\winapi dx\larvagame\larvagame\x64\debug\larvagame.res
c:\users\hwaya\onedrive\바탕 화면\공부\winapi dx\larvagame\larvagame\x64\debug\larvagame.ilk
c:\users\hwaya\onedrive\바탕 화면\공부\winapi dx\larvagame\x64\debug\larvagame.pdb
c:\users\hwaya\onedrive\바탕 화면\공부\winapi dx\larvagame\larvagame\x64\debug\larvagame.tlog\cl.command.1.tlog
c:\users\hwaya\onedrive\바탕 화면\공부\winapi dx\larvagame\larvagame\x64\debug\larvagame.tlog\cl.items.tlog
c:\users\hwaya\onedrive\바탕 화면\공부\winapi dx\larvagame\larvagame\x64\debug\larvagame.tlog\cl.read.1.tlog
c:\users\hwaya\onedrive\바탕 화면\공부\winapi dx\larvagame\larvagame\x64\debug\larvagame.tlog\cl.write.1.tlog
c:\users\hwaya\onedrive\바탕 화면\공부\winapi dx\larvagame\larvagame\x64\debug\larvagame.tlog\link.50532-cvtres.read.1.tlog
c:\users\hwaya\onedrive\바탕 화면\공부\winapi dx\larvagame\larvagame\x64\debug\larvagame.tlog\link.50532-cvtres.write.1.tlog
c:\users\hwaya\onedrive\바탕 화면\공부\winapi dx\larvagame\larvagame\x64\debug\larvagame.tlog\link.50532-rc.read.1.tlog
c:\users\hwaya\onedrive\바탕 화면\공부\winapi dx\larvagame\larvagame\x64\debug\larvagame.tlog\link.50532-rc.write.1.tlog
c:\users\hwaya\onedrive\바탕 화면\공부\winapi dx\larvagame\larvagame\x64\debug\larvagame.tlog\link.50532.read.1.tlog
c:\users\hwaya\onedrive\바탕 화면\공부\winapi dx\larvagame\larvagame\x64\debug\larvagame.tlog\link.50532.read.2.tlog
c:\users\hwaya\onedrive\바탕 화면\공부\winapi dx\larvagame\larvagame\x64\debug\larvagame.tlog\link.50532.write.1.tlog
c:\users\hwaya\onedrive\바탕 화면\공부\winapi dx\larvagame\larvagame\x64\debug\larvagame.tlog\link.command.1.tlog
c:\users\hwaya\onedrive\바탕 화면\공부\winapi dx\larvagame\larvagame\x64\debug\larvagame.tlog\link.read.1.tlog
c:\users\hwaya\onedrive\바탕 화면\공부\winapi dx\larvagame\larvagame\x64\debug\larvagame.tlog\link.secondary.1.tlog
c:\users\hwaya\onedrive\바탕 화면\공부\winapi dx\larvagame\larvagame\x64\debug\larvagame.tlog\link.write.1.tlog
c:\users\hwaya\onedrive\바탕 화면\공부\winapi dx\larvagame\larvagame\x64\debug\larvagame.tlog\rc.command.1.tlog
c:\users\hwaya\onedrive\바탕 화면\공부\winapi dx\larvagame\larvagame\x64\debug\larvagame.tlog\rc.read.1.tlog
c:\users\hwaya\onedrive\바탕 화면\공부\winapi dx\larvagame\larvagame\x64\debug\larvagame.tlog\rc.write.1.tlog
